<?xml version="1.0" encoding="UTF-8"?>
<!-- Generated by org.testng.reporters.JUnitReportReporter -->
<testsuite skipped="0" hostname="Jeet" name="selenium.Testing1" tests="5" failures="0" timestamp="08 Nov 2019 02:26:23 GMT" time="0.004" errors="0">
  <testcase name="test3" time="0.000" classname="selenium.Testing1"/>
  <testcase name="f" time="0.002" classname="selenium.Testing1"/>
  <testcase name="test1" time="0.000" classname="selenium.Testing1"/>
  <testcase name="test2" time="0.001" classname="selenium.Testing1"/>
  <testcase name="f" time="0.001" classname="selenium.Testing1"/>
</testsuite> <!-- selenium.Testing1 -->
